<?xml version="1.0" encoding="UTF-8" ?>
<testsuite errors="1" failures="0" hostname="Przewalski" name="tests.eu.synectique.verveine.core.VerveineTest_CommandLineArgs" skipped="0" tests="1" time="0.0" timestamp="2017-04-12T12:56:18">
  <properties>
    <property name="java.vendor" value="Oracle Corporation" />
    <property name="sun.java.launcher" value="SUN_STANDARD" />
    <property name="sun.management.compiler" value="HotSpot 64-Bit Tiered Compilers" />
    <property name="docs.dir" value="/home/anquetil/Documents/RMod/Tools/workspace/verveine.core/docs" />
    <property name="os.name" value="Linux" />
    <property name="sun.boot.class.path" value="/usr/lib/jvm/java-8-openjdk-amd64/jre/lib/resources.jar:/usr/lib/jvm/java-8-openjdk-amd64/jre/lib/rt.jar:/usr/lib/jvm/java-8-openjdk-amd64/jre/lib/sunrsasign.jar:/usr/lib/jvm/java-8-openjdk-amd64/jre/lib/jsse.jar:/usr/lib/jvm/java-8-openjdk-amd64/jre/lib/jce.jar:/usr/lib/jvm/java-8-openjdk-amd64/jre/lib/charsets.jar:/usr/lib/jvm/java-8-openjdk-amd64/jre/lib/jfr.jar:/usr/lib/jvm/java-8-openjdk-amd64/jre/classes" />
    <property name="TODAY" value="April 12 2017" />
    <property name="sun.desktop" value="gnome" />
    <property name="java.vm.specification.vendor" value="Oracle Corporation" />
    <property name="ant.home" value="/usr/share/ant" />
    <property name="java.runtime.version" value="1.8.0_121-8u121-b13-0ubuntu1.16.04.2-b13" />
    <property name="user.name" value="anquetil" />
    <property name="build.dir" value="/home/anquetil/Documents/RMod/Tools/workspace/verveine.core/bin" />
    <property name="user.language" value="en" />
    <property name="test.report.dir" value="/home/anquetil/Documents/RMod/Tools/workspace/verveine.core/testrep" />
    <property name="sun.boot.library.path" value="/usr/lib/jvm/java-8-openjdk-amd64/jre/lib/amd64" />
    <property name="ant.file.verveine.extractor.java" value="/home/anquetil/Documents/RMod/Tools/workspace/verveine.extractor.java/build.xml" />
    <property name="ant.project.default-target" value="jar" />
    <property name="ant.project.name" value="verveine.core" />
    <property name="DSTAMP" value="20170412" />
    <property name="java.version" value="1.8.0_121" />
    <property name="user.timezone" value="" />
    <property name="sun.arch.data.model" value="64" />
    <property name="java.endorsed.dirs" value="/usr/lib/jvm/java-8-openjdk-amd64/jre/lib/endorsed" />
    <property name="sun.cpu.isalist" value="" />
    <property name="sun.jnu.encoding" value="UTF-8" />
    <property name="file.encoding.pkg" value="sun.io" />
    <property name="file.separator" value="/" />
    <property name="java.specification.name" value="Java Platform API Specification" />
    <property name="ant.file.verveine.core" value="/home/anquetil/Documents/RMod/Tools/workspace/verveine.core/build.xml" />
    <property name="java.class.version" value="52.0" />
    <property name="user.country" value="US" />
    <property name="java.home" value="/usr/lib/jvm/java-8-openjdk-amd64/jre" />
    <property name="dist.dir" value="/home/anquetil/Documents/RMod/Tools/workspace/verveine.core/lib" />
    <property name="java.vm.info" value="mixed mode" />
    <property name="ant.file" value="/home/anquetil/Documents/RMod/Tools/workspace/verveine.core/build.xml" />
    <property name="os.version" value="4.4.0-72-generic" />
    <property name="path.separator" value=":" />
    <property name="java.vm.version" value="25.121-b13" />
    <property name="ant.library.dir" value="/usr/share/ant/lib" />
    <property name="java.awt.printerjob" value="sun.print.PSPrinterJob" />
    <property name="sun.io.unicode.encoding" value="UnicodeLittle" />
    <property name="awt.toolkit" value="sun.awt.X11.XToolkit" />
    <property name="ant.file.type.verveine.core" value="file" />
    <property name="user.home" value="/home/anquetil" />
    <property name="java.specification.vendor" value="Oracle Corporation" />
    <property name="test.dir" value="/home/anquetil/Documents/RMod/Tools/workspace/verveine.core/src/tests/eu/synectique/verveine/core" />
    <property name="java.library.path" value="/usr/java/packages/lib/amd64:/usr/lib/x86_64-linux-gnu/jni:/lib/x86_64-linux-gnu:/usr/lib/x86_64-linux-gnu:/usr/lib/jni:/lib:/usr/lib" />
    <property name="java.vendor.url" value="http://java.oracle.com/" />
    <property name="java.vm.vendor" value="Oracle Corporation" />
    <property name="java.runtime.name" value="OpenJDK Runtime Environment" />
    <property name="sun.java.command" value="org.apache.tools.ant.taskdefs.optional.junit.JUnitTestRunner tests.eu.synectique.verveine.core.VerveineTest_CommandLineArgs skipNonTests=false filtertrace=true haltOnError=false haltOnFailure=false formatter=org.apache.tools.ant.taskdefs.optional.junit.SummaryJUnitResultFormatter showoutput=false outputtoformatters=true logfailedtests=true threadid=0 logtestlistenerevents=false formatter=org.apache.tools.ant.taskdefs.optional.junit.XMLJUnitResultFormatter,/home/anquetil/Documents/RMod/Tools/workspace/verveine.core/testrep/TEST-tests.eu.synectique.verveine.core.VerveineTest_CommandLineArgs.xml crashfile=/home/anquetil/Documents/RMod/Tools/workspace/verveine.core/junitvmwatcher656136114096524246.properties propsfile=/home/anquetil/Documents/RMod/Tools/workspace/verveine.core/junit9198683332424166613.properties" />
    <property name="java.class.path" value="/home/anquetil/Documents/RMod/Tools/workspace/verveine.core/bin:/home/anquetil/Documents/RMod/Tools/workspace/verveine.core/lib/akuhn-util-r28011.jar:/home/anquetil/Documents/RMod/Tools/workspace/verveine.core/lib/fame-20170323.jar:/home/anquetil/Documents/RMod/Tools/workspace/verveine.core/lib/famix-20170323_1838.jar:/home/anquetil/Documents/RMod/Tools/workspace/verveine.core/lib/famix-20170412_1452.jar:/home/anquetil/Documents/RMod/Tools/workspace/verveine.core/lib/famix-20170412_1456.jar:/home/anquetil/Documents/RMod/Tools/workspace/verveine.core/lib/fast-20170323_1838.jar:/home/anquetil/Documents/RMod/Tools/workspace/verveine.core/lib/fast-20170412_1452.jar:/home/anquetil/Documents/RMod/Tools/workspace/verveine.core/lib/fast-20170412_1456.jar:/home/anquetil/Documents/RMod/Tools/workspace/verveine.core/lib/junit.jar:/home/anquetil/Documents/RMod/Tools/workspace/verveine.core/lib/org.hamcrest.core_1.1.0.v20090501071000.jar:/home/anquetil/Documents/RMod/Tools/workspace/verveine.core/lib/verveine.core-20170323_1838.jar:/home/anquetil/Documents/RMod/Tools/workspace/verveine.core/lib/verveine.core-20170412_1452.jar:/home/anquetil/Documents/RMod/Tools/workspace/verveine.core/lib/verveine.core-20170412_1456.jar:/usr/share/ant/lib/junit.jar:/usr/share/java/ant-launcher-1.9.6.jar:/usr/share/ant/lib/ant.jar:/usr/share/ant/lib/ant-junit.jar:/usr/share/ant/lib/ant-junit4.jar" />
    <property name="ant.version" value="Apache Ant(TM) version 1.9.6 compiled on July 8 2015" />
    <property name="TSTAMP" value="1456" />
    <property name="java.vm.specification.name" value="Java Virtual Machine Specification" />
    <property name="ant.file.type" value="file" />
    <property name="java.vm.specification.version" value="1.8" />
    <property name="sun.cpu.endian" value="little" />
    <property name="sun.os.patch.level" value="unknown" />
    <property name="ant.file.type.verveine.extractor.java" value="file" />
    <property name="java.io.tmpdir" value="/tmp" />
    <property name="java.vendor.url.bug" value="http://bugreport.sun.com/bugreport/" />
    <property name="verveine.jar" value="/home/anquetil/Documents/RMod/Tools/workspace/verveine.core/lib/verveine.core" />
    <property name="os.arch" value="amd64" />
    <property name="java.awt.graphicsenv" value="sun.awt.X11GraphicsEnvironment" />
    <property name="java.ext.dirs" value="/usr/lib/jvm/java-8-openjdk-amd64/jre/lib/ext:/usr/java/packages/lib/ext" />
    <property name="user.dir" value="/home/anquetil/Documents/RMod/Tools/workspace/verveine.extractor.java" />
    <property name="line.separator" value="&#xa;" />
    <property name="java.vm.name" value="OpenJDK 64-Bit Server VM" />
    <property name="basedir" value="/home/anquetil/Documents/RMod/Tools/workspace/verveine.core" />
    <property name="ant.java.version" value="1.8" />
    <property name="fast.jar" value="/home/anquetil/Documents/RMod/Tools/workspace/verveine.core/lib/fast" />
    <property name="ant.core.lib" value="/usr/share/ant/lib/ant.jar" />
    <property name="famix.jar" value="/home/anquetil/Documents/RMod/Tools/workspace/verveine.core/lib/famix" />
    <property name="file.encoding" value="UTF-8" />
    <property name="java.specification.version" value="1.8" />
    <property name="src.dir" value="/home/anquetil/Documents/RMod/Tools/workspace/verveine.core/src" />
    <property name="ant.project.invoked-targets" value="junit" />
  </properties>
  <error message="tests.eu.synectique.verveine.core.VerveineTest_CommandLineArgs" type="java.lang.ClassNotFoundException">java.lang.ClassNotFoundException: tests.eu.synectique.verveine.core.VerveineTest_CommandLineArgs
	at java.net.URLClassLoader.findClass(URLClassLoader.java:381)
	at java.lang.ClassLoader.loadClass(ClassLoader.java:424)
	at sun.misc.Launcher$AppClassLoader.loadClass(Launcher.java:331)
	at java.lang.ClassLoader.loadClass(ClassLoader.java:357)
	at java.lang.Class.forName0(Native Method)
	at java.lang.Class.forName(Class.java:264)
</error>
  <system-out><![CDATA[]]></system-out>
  <system-err><![CDATA[]]></system-err>
</testsuite>
