<?xml version="1.0" encoding="UTF-8" ?>
<testsuite errors="0" failures="0" hostname="Merychippus" name="tests.fr.inria.verveine.core.VerveineTest_CommandLineArgs" tests="3" time="0.256" timestamp="2012-11-27T14:01:00">
  <properties>
    <property name="java.vendor" value="Sun Microsystems Inc." />
    <property name="sun.java.launcher" value="SUN_STANDARD" />
    <property name="sun.management.compiler" value="HotSpot Tiered Compilers" />
    <property name="docs.dir" value="/home/anquetin/Documents/RMod/Tools/workspace/verveine.core/docs" />
    <property name="os.name" value="Linux" />
    <property name="sun.boot.class.path" value="/usr/lib/jvm/java-6-openjdk-i386/jre/lib/resources.jar:/usr/lib/jvm/java-6-openjdk-i386/jre/lib/rt.jar:/usr/lib/jvm/java-6-openjdk-i386/jre/lib/sunrsasign.jar:/usr/lib/jvm/java-6-openjdk-i386/jre/lib/jsse.jar:/usr/lib/jvm/java-6-openjdk-i386/jre/lib/jce.jar:/usr/lib/jvm/java-6-openjdk-i386/jre/lib/charsets.jar:/usr/lib/jvm/java-6-openjdk-i386/jre/lib/netx.jar:/usr/lib/jvm/java-6-openjdk-i386/jre/lib/plugin.jar:/usr/lib/jvm/java-6-openjdk-i386/jre/lib/rhino.jar:/usr/lib/jvm/java-6-openjdk-i386/jre/lib/modules/jdk.boot.jar:/usr/lib/jvm/java-6-openjdk-i386/jre/classes" />
    <property name="sun.desktop" value="gnome" />
    <property name="java.vm.specification.vendor" value="Sun Microsystems Inc." />
    <property name="ant.home" value="/usr/share/ant" />
    <property name="java.runtime.version" value="1.6.0_24-b24" />
    <property name="user.name" value="anquetin" />
    <property name="build.dir" value="/home/anquetin/Documents/RMod/Tools/workspace/verveine.core/bin" />
    <property name="user.language" value="en" />
    <property name="test.report.dir" value="/home/anquetin/Documents/RMod/Tools/workspace/verveine.core/testrep" />
    <property name="sun.boot.library.path" value="/usr/lib/jvm/java-6-openjdk-i386/jre/lib/i386" />
    <property name="ant.file.verveine.extractor.java" value="/home/anquetin/Documents/RMod/Tools/workspace/verveine.extractor.java/build.xml" />
    <property name="ant.project.default-target" value="jar" />
    <property name="ant.project.name" value="verveine.core" />
    <property name="java.version" value="1.6.0_24" />
    <property name="user.timezone" value="" />
    <property name="sun.arch.data.model" value="32" />
    <property name="java.endorsed.dirs" value="/usr/lib/jvm/java-6-openjdk-i386/jre/lib/endorsed" />
    <property name="sun.cpu.isalist" value="" />
    <property name="sun.jnu.encoding" value="UTF-8" />
    <property name="file.encoding.pkg" value="sun.io" />
    <property name="file.separator" value="/" />
    <property name="java.specification.name" value="Java Platform API Specification" />
    <property name="ant.file.verveine.core" value="/home/anquetin/Documents/RMod/Tools/workspace/verveine.core/build.xml" />
    <property name="java.class.version" value="50.0" />
    <property name="user.country" value="GB" />
    <property name="java.home" value="/usr/lib/jvm/java-6-openjdk-i386/jre" />
    <property name="dist.dir" value="/home/anquetin/Documents/RMod/Tools/workspace/verveine.core/lib" />
    <property name="java.vm.info" value="mixed mode" />
    <property name="ant.file" value="/home/anquetin/Documents/RMod/Tools/workspace/verveine.core/build.xml" />
    <property name="os.version" value="3.2.0-33-generic-pae" />
    <property name="path.separator" value=":" />
    <property name="java.vm.version" value="20.0-b12" />
    <property name="ant.library.dir" value="/usr/share/ant/lib" />
    <property name="java.awt.printerjob" value="sun.print.PSPrinterJob" />
    <property name="sun.io.unicode.encoding" value="UnicodeLittle" />
    <property name="ant.file.type.verveine.core" value="file" />
    <property name="user.home" value="/home/anquetin" />
    <property name="java.specification.vendor" value="Sun Microsystems Inc." />
    <property name="test.dir" value="/home/anquetin/Documents/RMod/Tools/workspace/verveine.core/src/tests/fr/inria/verveine/core" />
    <property name="java.library.path" value="/usr/lib/jvm/java-6-openjdk-i386/jre/lib/i386/server:/usr/lib/jvm/java-6-openjdk-i386/jre/lib/i386:/usr/lib/jvm/java-6-openjdk-i386/jre/../lib/i386:/usr/java/packages/lib/i386:/usr/lib/i386-linux-gnu/jni:/lib/i386-linux-gnu:/usr/lib/i386-linux-gnu:/usr/lib/jni:/lib:/usr/lib" />
    <property name="java.vendor.url" value="http://java.sun.com/" />
    <property name="java.vm.vendor" value="Sun Microsystems Inc." />
    <property name="java.runtime.name" value="OpenJDK Runtime Environment" />
    <property name="sun.java.command" value="org.apache.tools.ant.taskdefs.optional.junit.JUnitTestRunner tests.fr.inria.verveine.core.VerveineTest_CommandLineArgs filtertrace=true haltOnError=false haltOnFailure=false formatter=org.apache.tools.ant.taskdefs.optional.junit.SummaryJUnitResultFormatter showoutput=false outputtoformatters=true logfailedtests=true logtestlistenerevents=false formatter=org.apache.tools.ant.taskdefs.optional.junit.XMLJUnitResultFormatter,/home/anquetin/Documents/RMod/Tools/workspace/verveine.core/testrep/TEST-tests.fr.inria.verveine.core.VerveineTest_CommandLineArgs.xml crashfile=/home/anquetin/Documents/RMod/Tools/workspace/verveine.core/junitvmwatcher5475326904514880180.properties propsfile=/home/anquetin/Documents/RMod/Tools/workspace/verveine.core/junit3307072293706489356.properties" />
    <property name="java.class.path" value="/home/anquetin/Documents/RMod/Tools/workspace/verveine.core/bin:/home/anquetin/Documents/RMod/Tools/workspace/verveine.core/lib/akuhn-util-r28011.jar:/home/anquetin/Documents/RMod/Tools/workspace/verveine.core/lib/fame.jar:/home/anquetin/Documents/RMod/Tools/workspace/verveine.core/lib/famix.jar:/home/anquetin/Documents/RMod/Tools/workspace/verveine.core/lib/junit.jar:/home/anquetin/Documents/RMod/Tools/workspace/verveine.core/lib/org.hamcrest.core_1.1.0.v20090501071000.jar:/home/anquetin/Documents/RMod/Tools/workspace/verveine.core/lib/verveine.core.jar:/usr/share/java/ant-launcher-1.8.2.jar:/usr/share/ant/lib/ant.jar:/usr/share/ant/lib/ant-junit.jar:/usr/share/ant/lib/ant-junit4.jar" />
    <property name="ant.version" value="Apache Ant(TM) version 1.8.2 compiled on December 3 2011" />
    <property name="java.vm.specification.name" value="Java Virtual Machine Specification" />
    <property name="ant.file.type" value="file" />
    <property name="java.vm.specification.version" value="1.0" />
    <property name="sun.cpu.endian" value="little" />
    <property name="sun.os.patch.level" value="unknown" />
    <property name="ant.file.type.verveine.extractor.java" value="file" />
    <property name="java.io.tmpdir" value="/tmp" />
    <property name="java.vendor.url.bug" value="http://java.sun.com/cgi-bin/bugreport.cgi" />
    <property name="verveine.jar" value="/home/anquetin/Documents/RMod/Tools/workspace/verveine.core/lib/verveine.core.jar" />
    <property name="os.arch" value="i386" />
    <property name="java.awt.graphicsenv" value="sun.awt.X11GraphicsEnvironment" />
    <property name="java.ext.dirs" value="/usr/lib/jvm/java-6-openjdk-i386/jre/lib/ext:/usr/java/packages/lib/ext" />
    <property name="user.dir" value="/home/anquetin/Documents/RMod/Tools/workspace/verveine.extractor.java" />
    <property name="line.separator" value="&#xa;" />
    <property name="java.vm.name" value="OpenJDK Server VM" />
    <property name="basedir" value="/home/anquetin/Documents/RMod/Tools/workspace/verveine.core" />
    <property name="ant.java.version" value="1.6" />
    <property name="ant.core.lib" value="/usr/share/ant/lib/ant.jar" />
    <property name="famix.jar" value="/home/anquetin/Documents/RMod/Tools/workspace/verveine.core/lib/famix.jar" />
    <property name="file.encoding" value="UTF-8" />
    <property name="java.specification.version" value="1.6" />
    <property name="src.dir" value="/home/anquetin/Documents/RMod/Tools/workspace/verveine.core/src" />
    <property name="ant.project.invoked-targets" value="junit" />
  </properties>
  <testcase classname="tests.fr.inria.verveine.core.VerveineTest_CommandLineArgs" name="testOutputArg" time="0.104" />
  <testcase classname="tests.fr.inria.verveine.core.VerveineTest_CommandLineArgs" name="testNoOutputArg" time="0.025" />
  <testcase classname="tests.fr.inria.verveine.core.VerveineTest_CommandLineArgs" name="testIncrementArg" time="0.078" />
  <system-out><![CDATA[]]></system-out>
  <system-err><![CDATA[]]></system-err>
</testsuite>
